usbCameraTest5/build/outputs/logs/manifest-merger-debug-report.txt
-- Merging decision tree log ---
manifest
ADDED from src/main/AndroidManifest.xml:24:1-47:12
	package
		ADDED from src/main/AndroidManifest.xml:25:5-45
		INJECTED from src/main/AndroidManifest.xml
		INJECTED from src/main/AndroidManifest.xml
	android:versionName
		INJECTED from src/main/AndroidManifest.xml
		INJECTED from src/main/AndroidManifest.xml
	xmlns:android
		ADDED from src/main/AndroidManifest.xml:24:11-69
	android:versionCode
		INJECTED from src/main/AndroidManifest.xml
		INJECTED from src/main/AndroidManifest.xml
uses-permission#android.permission.RECORD_AUDIO
ADDED from src/main/AndroidManifest.xml:27:5-70
	android:name
		ADDED from src/main/AndroidManifest.xml:27:22-68
uses-permission#android.permission.WRITE_EXTERNAL_STORAGE
ADDED from src/main/AndroidManifest.xml:28:5-80
	android:name
		ADDED from src/main/AndroidManifest.xml:28:22-78
uses-feature#0x00020000
ADDED from src/main/AndroidManifest.xml:30:5-78
	android:glEsVersion
		ADDED from src/main/AndroidManifest.xml:30:19-51
	android:required
		ADDED from src/main/AndroidManifest.xml:30:52-75
application
ADDED from src/main/AndroidManifest.xml:32:5-45:19
	android:label
		ADDED from src/main/AndroidManifest.xml:35:9-41
	android:allowBackup
		ADDED from src/main/AndroidManifest.xml:33:9-35
	android:icon
		ADDED from src/main/AndroidManifest.xml:34:9-45
	android:theme
		ADDED from src/main/AndroidManifest.xml:36:9-40
activity#com.serenegiant.usbcameratest5.MainActivity
ADDED from src/main/AndroidManifest.xml:37:9-44:20
	android:label
		ADDED from src/main/AndroidManifest.xml:39:13-45
	android:name
		ADDED from src/main/AndroidManifest.xml:38:13-71
intent-filter#android.intent.action.MAIN+android.intent.category.LAUNCHER
ADDED from src/main/AndroidManifest.xml:40:13-43:29
action#android.intent.action.MAIN
ADDED from src/main/AndroidManifest.xml:41:17-69
	android:name
		ADDED from src/main/AndroidManifest.xml:41:25-66
category#android.intent.category.LAUNCHER
ADDED from src/main/AndroidManifest.xml:42:17-77
	android:name
		ADDED from src/main/AndroidManifest.xml:42:27-74
uses-sdk
INJECTED from src/main/AndroidManifest.xml reason: use-sdk injection requested
MERGED from [CameraOTG-master:usbCameraCommon:unspecified] AndroidManifest.xml:28:5-30:41
MERGED from [CameraOTG-master:libuvccamera:unspecified] AndroidManifest.xml:29:5-31:41
MERGED from [com.serenegiant:common:1.4.3] AndroidManifest.xml:8:5-10:41
	android:targetSdkVersion
		INJECTED from src/main/AndroidManifest.xml
		INJECTED from src/main/AndroidManifest.xml
	android:minSdkVersion
		INJECTED from src/main/AndroidManifest.xml
		INJECTED from src/main/AndroidManifest.xml